<?xml version="1.0" encoding="UTF-8"?>
<!-- Generated by org.testng.reporters.JUnitReportReporter -->
<testsuite hostname="Pauus-PC" failures="0" tests="1" name="com.twitterapi.practice.DeleteFunctionalityTest" time="23.515" errors="0" timestamp="06 Oct 2018 21:20:06 GMT" skipped="0">
  <testcase classname="com.twitterapi.practice.DeleteFunctionalityTest" name="deleteTweet" time="23.515"/>
</testsuite> <!-- com.twitterapi.practice.DeleteFunctionalityTest -->
