<?xml version="1.0" encoding="UTF-8"?>
<!-- Generated by org.testng.reporters.JUnitReportReporter -->
<testsuite skipped="0" hostname="DESKTOP-EMPI315" name="com.twitterapi.functionality.ReTweetTest" tests="1" failures="0" timestamp="03 Jul 2020 10:43:57 GMT" time="0.327" errors="0">
  <testcase name="reTweet" time="0.327" classname="com.twitterapi.functionality.ReTweetTest"/>
</testsuite> <!-- com.twitterapi.functionality.ReTweetTest -->
