<?xml version="1.0" encoding="UTF-8"?>
<!-- Generated by org.testng.reporters.JUnitReportReporter -->
<testsuite skipped="0" hostname="Pauus-PC" name="com.twitterapi.functionality.DeleteTweetsTest" tests="1" failures="0" timestamp="13 Oct 2018 12:06:16 GMT" time="12.022" errors="0">
  <testcase name="deleteTweet" time="12.022" classname="com.twitterapi.functionality.DeleteTweetsTest"/>
</testsuite> <!-- com.twitterapi.functionality.DeleteTweetsTest -->
