<?xml version="1.0" encoding="UTF-8"?>
<!-- Generated by org.testng.reporters.JUnitReportReporter -->
<testsuite skipped="0" hostname="Pauus-PC" name="com.twitterapi.practice.LatestTweetsTest" tests="1" failures="0" timestamp="13 Oct 2018 10:03:25 GMT" time="1.347" errors="0">
  <testcase name="getLatestTweets" time="1.347" classname="com.twitterapi.practice.LatestTweetsTest"/>
</testsuite> <!-- com.twitterapi.practice.LatestTweetsTest -->
