<?xml version="1.0" encoding="UTF-8"?>
<!-- Generated by org.testng.reporters.JUnitReportReporter -->
<testsuite hostname="Pauus-PC" failures="0" tests="1" name="com.twitterapi.practice.SearchTweetsTest" time="3.012" errors="0" timestamp="06 Oct 2018 13:04:06 GMT" skipped="0">
  <testcase classname="com.twitterapi.practice.SearchTweetsTest" name="searchTweets" time="3.012"/>
</testsuite> <!-- com.twitterapi.practice.SearchTweetsTest -->
