<?xml version="1.0" encoding="UTF-8"?>
<!-- Generated by org.testng.reporters.JUnitReportReporter -->
<testsuite skipped="0" hostname="Pauus-PC" name="com.twitterapi.practice.TrendsByLocationTest" tests="1" failures="0" timestamp="13 Oct 2018 10:03:25 GMT" time="1.324" errors="0">
  <testcase name="getTrendsByLoc" time="1.324" classname="com.twitterapi.practice.TrendsByLocationTest"/>
</testsuite> <!-- com.twitterapi.practice.TrendsByLocationTest -->
