<?xml version="1.0" encoding="UTF-8"?>
<!-- Generated by org.testng.reporters.JUnitReportReporter -->
<testsuite hostname="Pauus-PC" failures="0" tests="1" name="com.twitterapi.practice.FollowersListTest" time="2.995" errors="0" timestamp="06 Oct 2018 06:50:58 GMT" skipped="0">
  <testcase classname="com.twitterapi.practice.FollowersListTest" name="getFollowersList" time="2.995"/>
</testsuite> <!-- com.twitterapi.practice.FollowersListTest -->
