<?xml version="1.0" encoding="UTF-8"?>
<!-- Generated by org.testng.reporters.JUnitReportReporter -->
<testsuite hostname="Pauus-PC" failures="0" tests="1" name="com.twitterapi.practice.DeleteMessagesTest" time="65.878" errors="0" timestamp="06 Oct 2018 22:44:20 GMT" skipped="0">
  <testcase classname="com.twitterapi.practice.DeleteMessagesTest" name="deleteMessage" time="65.878"/>
</testsuite> <!-- com.twitterapi.practice.DeleteMessagesTest -->
