<?xml version="1.0" encoding="UTF-8"?>
<!-- Generated by org.testng.reporters.JUnitReportReporter -->
<testsuite skipped="0" hostname="Pauus-PC" name="com.twitterapi.functionality.A_SearchTweetsTest" tests="1" failures="0" timestamp="13 Oct 2018 12:06:43 GMT" time="3.410" errors="0">
  <testcase name="searchTweets" time="3.410" classname="com.twitterapi.functionality.A_SearchTweetsTest"/>
</testsuite> <!-- com.twitterapi.functionality.A_SearchTweetsTest -->
