<?xml version="1.0" encoding="UTF-8"?>
<!-- Generated by org.testng.reporters.JUnitReportReporter -->
<testsuite skipped="0" hostname="DESKTOP-EMPI315" name="com.twitterapi.functionality.FriendListTest" tests="1" failures="0" timestamp="03 Jul 2020 10:43:57 GMT" time="0.426" errors="0">
  <testcase name="getFollowersList" time="0.426" classname="com.twitterapi.functionality.FriendListTest"/>
</testsuite> <!-- com.twitterapi.functionality.FriendListTest -->
