<?xml version="1.0" encoding="UTF-8"?>
<!-- Generated by org.testng.reporters.JUnitReportReporter -->
<testsuite hostname="Pauus-PC" failures="0" tests="1" name="com.twitterapi.practice.GetSDirectMessagesList" time="3.879" errors="0" timestamp="06 Oct 2018 21:37:52 GMT" skipped="0">
  <testcase classname="com.twitterapi.practice.GetSDirectMessagesList" name="getDirectMessageList" time="3.879"/>
</testsuite> <!-- com.twitterapi.practice.GetSDirectMessagesList -->
