<?xml version="1.0" encoding="UTF-8"?>
<!-- Generated by org.testng.reporters.JUnitReportReporter -->
<testsuite skipped="0" hostname="DESKTOP-EMPI315" name="com.twitterapi.functionality.TrendsByLocationTest" tests="1" failures="0" timestamp="03 Jul 2020 10:43:57 GMT" time="0.374" errors="0">
  <testcase name="getTrendsByLoc" time="0.374" classname="com.twitterapi.functionality.TrendsByLocationTest"/>
</testsuite> <!-- com.twitterapi.functionality.TrendsByLocationTest -->
