<?xml version="1.0" encoding="UTF-8"?>
<!-- Generated by org.testng.reporters.JUnitReportReporter -->
<testsuite skipped="0" hostname="Pauus-PC" name="com.twitterapi.functionality.DeleteMessagesTest" tests="1" failures="0" timestamp="13 Oct 2018 12:01:21 GMT" time="1.285" errors="0">
  <testcase name="deleteMessage" time="1.285" classname="com.twitterapi.functionality.DeleteMessagesTest"/>
</testsuite> <!-- com.twitterapi.functionality.DeleteMessagesTest -->
