<?xml version="1.0" encoding="UTF-8"?>
<!-- Generated by org.testng.reporters.JUnitReportReporter -->
<testsuite hostname="Pauus-PC" failures="0" tests="1" name="com.twitterapi.practice.TweetsByLocationTest" time="2.965" errors="0" timestamp="06 Oct 2018 06:43:34 GMT" skipped="0">
  <testcase classname="com.twitterapi.practice.TweetsByLocationTest" name="getTrendsByLoc" time="2.965"/>
</testsuite> <!-- com.twitterapi.practice.TweetsByLocationTest -->
