<?xml version="1.0" encoding="UTF-8"?>
<!-- Generated by org.testng.reporters.JUnitReportReporter -->
<testsuite skipped="0" hostname="Pauus-PC" name="com.twitterapi.practice.A_SearchTweetsTest" tests="1" failures="0" timestamp="13 Oct 2018 09:19:56 GMT" time="3.231" errors="0">
  <testcase name="searchTweets" time="3.231" classname="com.twitterapi.practice.A_SearchTweetsTest"/>
</testsuite> <!-- com.twitterapi.practice.A_SearchTweetsTest -->
