<?xml version="1.0" encoding="UTF-8"?>
<!-- Generated by org.testng.reporters.JUnitReportReporter -->
<testsuite skipped="0" hostname="Pauus-PC" name="com.twitterapi.practice.A_GetDirectMessagesTest" tests="1" failures="0" timestamp="13 Oct 2018 09:21:01 GMT" time="6.172" errors="0">
  <testcase name="getDirectMessageList" time="6.172" classname="com.twitterapi.practice.A_GetDirectMessagesTest"/>
</testsuite> <!-- com.twitterapi.practice.A_GetDirectMessagesTest -->
