<?xml version="1.0" encoding="UTF-8"?>
<!-- Generated by org.testng.reporters.JUnitReportReporter -->
<testsuite skipped="0" hostname="Pauus-PC" name="com.twitterapi.practice.FriendListTest" tests="1" failures="0" timestamp="13 Oct 2018 10:03:25 GMT" time="2.042" errors="0">
  <testcase name="getFollowersList" time="2.042" classname="com.twitterapi.practice.FriendListTest"/>
</testsuite> <!-- com.twitterapi.practice.FriendListTest -->
