<?xml version="1.0" encoding="UTF-8"?>
<!-- Generated by org.testng.reporters.JUnitReportReporter -->
<testsuite skipped="0" hostname="Pauus-PC" name="com.twitterapi.functionality.A_GetDirectMessagesTest" tests="1" failures="0" timestamp="13 Oct 2018 12:03:14 GMT" time="2.826" errors="0">
  <testcase name="getDirectMessageList" time="2.826" classname="com.twitterapi.functionality.A_GetDirectMessagesTest"/>
</testsuite> <!-- com.twitterapi.functionality.A_GetDirectMessagesTest -->
