<?xml version="1.0" encoding="UTF-8"?>
<!-- Generated by org.testng.reporters.JUnitReportReporter -->
<testsuite skipped="0" hostname="DESKTOP-EMPI315" name="com.twitterapi.functionality.LatestTweetsTest" tests="1" failures="0" timestamp="03 Jul 2020 10:43:57 GMT" time="0.625" errors="0">
  <testcase name="getLatestTweets" time="0.625" classname="com.twitterapi.functionality.LatestTweetsTest"/>
</testsuite> <!-- com.twitterapi.functionality.LatestTweetsTest -->
