<?xml version="1.0" encoding="UTF-8"?>
<!-- Generated by org.testng.reporters.JUnitReportReporter -->
<testsuite hostname="Pauus-PC" failures="0" tests="1" name="com.twitterapi.practice.Class1" time="2.714" errors="0" timestamp="02 Oct 2018 10:52:39 GMT" skipped="0">
  <testcase classname="com.twitterapi.practice.Class1" name="getTrendsByLoc" time="2.714"/>
</testsuite> <!-- com.twitterapi.practice.Class1 -->
