<?xml version="1.0" encoding="UTF-8"?>
<!-- Generated by org.testng.reporters.JUnitReportReporter -->
<testsuite hostname="Pauus-PC" failures="0" tests="1" name="com.twitterapi.practice.A_DirectMessagesList" time="3.539" errors="0" timestamp="06 Oct 2018 21:48:30 GMT" skipped="0">
  <testcase classname="com.twitterapi.practice.A_DirectMessagesList" name="getDirectMessageList" time="3.539"/>
</testsuite> <!-- com.twitterapi.practice.A_DirectMessagesList -->
