<?xml version="1.0" encoding="UTF-8"?>
<!-- Generated by org.testng.reporters.JUnitReportReporter -->
<testsuite hostname="Pauus-PC" failures="0" tests="1" name="com.twitterapi.functionality.CreateTweetTest" time="7.928" errors="0" timestamp="25 May 2020 10:17:28 GMT" skipped="0">
  <testcase classname="com.twitterapi.functionality.CreateTweetTest" name="createTweet" time="7.928"/>
</testsuite> <!-- com.twitterapi.functionality.CreateTweetTest -->
