<?xml version="1.0" encoding="UTF-8"?>
<!-- Generated by org.testng.reporters.JUnitReportReporter -->
<testsuite hostname="Pauus-PC" failures="0" tests="1" name="com.twitterapi.functionality.LatestTweetsTest" time="0.867" errors="0" timestamp="25 May 2020 10:17:28 GMT" skipped="0">
  <testcase classname="com.twitterapi.functionality.LatestTweetsTest" name="getLatestTweets" time="0.867"/>
</testsuite> <!-- com.twitterapi.functionality.LatestTweetsTest -->
