<?xml version="1.0" encoding="UTF-8"?>
<!-- Generated by org.testng.reporters.JUnitReportReporter -->
<testsuite skipped="0" hostname="Pauus-PC" name="com.twitterapi.practice.CreateTweetTest" tests="1" failures="0" timestamp="13 Oct 2018 10:26:13 GMT" time="3.027" errors="0">
  <testcase name="createTweet" time="3.027" classname="com.twitterapi.practice.CreateTweetTest"/>
</testsuite> <!-- com.twitterapi.practice.CreateTweetTest -->
